<?xml version="1.0" encoding="UTF-8"?>
<testng-results skipped="0" failed="0" ignored="0" total="7" passed="7">
  <reporter-output>
  </reporter-output>
  <suite name="Real Estate test Suite" duration-ms="86247" started-at="2020-06-19T15:22:30Z" finished-at="2020-06-19T15:23:56Z">
    <groups>
    </groups>
    <test name="Regression test" duration-ms="86247" started-at="2020-06-19T15:22:30Z" finished-at="2020-06-19T15:23:56Z">
      <class name="com.ibm.training.tests.TestSuite">
        <test-method status="PASS" signature="setUp()[pri:0, instance:com.ibm.training.tests.TestSuite@6767c1fc]" name="setUp" is-config="true" duration-ms="22330" started-at="2020-06-19T20:52:30Z" finished-at="2020-06-19T20:52:52Z">
          <reporter-output>
          </reporter-output>
        </test-method> <!-- setUp -->
        <test-method status="PASS" signature="loginTest(java.lang.String, java.lang.String)[pri:1, instance:com.ibm.training.tests.TestSuite@6767c1fc]" name="loginTest" duration-ms="8677" started-at="2020-06-19T20:52:52Z" data-provider="xls-inputs" finished-at="2020-06-19T20:53:01Z">
          <params>
            <param index="0">
              <value>
                <![CDATA[admin]]>
              </value>
            </param>
            <param index="1">
              <value>
                <![CDATA[admin@123]]>
              </value>
            </param>
          </params>
          <reporter-output>
          </reporter-output>
        </test-method> <!-- loginTest -->
        <test-method status="PASS" signature="addNewUserTest(java.lang.String, java.lang.String, java.lang.String, java.lang.String, java.lang.String, java.lang.String, java.lang.String)[pri:10, instance:com.ibm.training.tests.TestSuite@6767c1fc]" name="addNewUserTest" duration-ms="18347" started-at="2020-06-19T20:53:01Z" data-provider="xls-inputs" finished-at="2020-06-19T20:53:19Z">
          <params>
            <param index="0">
              <value>
                <![CDATA[manzoor mehadi]]>
              </value>
            </param>
            <param index="1">
              <value>
                <![CDATA[Manzoor@gmail.com]]>
              </value>
            </param>
            <param index="2">
              <value>
                <![CDATA[Manzoor]]>
              </value>
            </param>
            <param index="3">
              <value>
                <![CDATA[Mehadi]]>
              </value>
            </param>
            <param index="4">
              <value>
                <![CDATA[www.google.com]]>
              </value>
            </param>
            <param index="5">
              <value>
                <![CDATA[Mehadi@123]]>
              </value>
            </param>
            <param index="6">
              <value>
                <![CDATA[Customer]]>
              </value>
            </param>
          </params>
          <reporter-output>
          </reporter-output>
        </test-method> <!-- addNewUserTest -->
        <test-method status="PASS" signature="addNewUserTest(java.lang.String, java.lang.String, java.lang.String, java.lang.String, java.lang.String, java.lang.String, java.lang.String)[pri:10, instance:com.ibm.training.tests.TestSuite@6767c1fc]" name="addNewUserTest" duration-ms="9961" started-at="2020-06-19T20:53:19Z" data-provider="xls-inputs" finished-at="2020-06-19T20:53:29Z">
          <params>
            <param index="0">
              <value>
                <![CDATA[alex hales]]>
              </value>
            </param>
            <param index="1">
              <value>
                <![CDATA[alex@gmail.com]]>
              </value>
            </param>
            <param index="2">
              <value>
                <![CDATA[Alex]]>
              </value>
            </param>
            <param index="3">
              <value>
                <![CDATA[Hales]]>
              </value>
            </param>
            <param index="4">
              <value>
                <![CDATA[www.google.com]]>
              </value>
            </param>
            <param index="5">
              <value>
                <![CDATA[alex@123]]>
              </value>
            </param>
            <param index="6">
              <value>
                <![CDATA[Agent]]>
              </value>
            </param>
          </params>
          <reporter-output>
          </reporter-output>
        </test-method> <!-- addNewUserTest -->
        <test-method status="PASS" signature="addNewUserTest(java.lang.String, java.lang.String, java.lang.String, java.lang.String, java.lang.String, java.lang.String, java.lang.String)[pri:10, instance:com.ibm.training.tests.TestSuite@6767c1fc]" name="addNewUserTest" duration-ms="7836" started-at="2020-06-19T20:53:29Z" data-provider="xls-inputs" finished-at="2020-06-19T20:53:37Z">
          <params>
            <param index="0">
              <value>
                <![CDATA[mariya]]>
              </value>
            </param>
            <param index="1">
              <value>
                <![CDATA[mariya@gmail.com]]>
              </value>
            </param>
            <param index="2">
              <value>
                <![CDATA[Mariya]]>
              </value>
            </param>
            <param index="3">
              <value>
                <![CDATA[Jones]]>
              </value>
            </param>
            <param index="4">
              <value>
                <![CDATA[www.google.com]]>
              </value>
            </param>
            <param index="5">
              <value>
                <![CDATA[mariya@123]]>
              </value>
            </param>
            <param index="6">
              <value>
                <![CDATA[Administrator]]>
              </value>
            </param>
          </params>
          <reporter-output>
          </reporter-output>
        </test-method> <!-- addNewUserTest -->
        <test-method status="PASS" signature="userChangeRoleTest(java.lang.String, java.lang.String)[pri:20, instance:com.ibm.training.tests.TestSuite@6767c1fc]" name="userChangeRoleTest" duration-ms="5485" started-at="2020-06-19T20:53:37Z" data-provider="xls-inputs" finished-at="2020-06-19T20:53:43Z">
          <params>
            <param index="0">
              <value>
                <![CDATA[manzoor mehadi]]>
              </value>
            </param>
            <param index="1">
              <value>
                <![CDATA[Agent]]>
              </value>
            </param>
          </params>
          <reporter-output>
          </reporter-output>
        </test-method> <!-- userChangeRoleTest -->
        <test-method status="PASS" signature="userChangeRoleTest(java.lang.String, java.lang.String)[pri:20, instance:com.ibm.training.tests.TestSuite@6767c1fc]" name="userChangeRoleTest" duration-ms="5491" started-at="2020-06-19T20:53:43Z" data-provider="xls-inputs" finished-at="2020-06-19T20:53:48Z">
          <params>
            <param index="0">
              <value>
                <![CDATA[alex hales]]>
              </value>
            </param>
            <param index="1">
              <value>
                <![CDATA[Customer]]>
              </value>
            </param>
          </params>
          <reporter-output>
          </reporter-output>
        </test-method> <!-- userChangeRoleTest -->
        <test-method status="PASS" signature="userChangeRoleTest(java.lang.String, java.lang.String)[pri:20, instance:com.ibm.training.tests.TestSuite@6767c1fc]" name="userChangeRoleTest" duration-ms="5653" started-at="2020-06-19T20:53:48Z" data-provider="xls-inputs" finished-at="2020-06-19T20:53:54Z">
          <params>
            <param index="0">
              <value>
                <![CDATA[mariya jones]]>
              </value>
            </param>
            <param index="1">
              <value>
                <![CDATA[Shop manager]]>
              </value>
            </param>
          </params>
          <reporter-output>
          </reporter-output>
        </test-method> <!-- userChangeRoleTest -->
        <test-method status="PASS" signature="tearDown()[pri:0, instance:com.ibm.training.tests.TestSuite@6767c1fc]" name="tearDown" is-config="true" duration-ms="1821" started-at="2020-06-19T20:53:54Z" finished-at="2020-06-19T20:53:56Z">
          <reporter-output>
          </reporter-output>
        </test-method> <!-- tearDown -->
      </class> <!-- com.ibm.training.tests.TestSuite -->
    </test> <!-- Regression test -->
  </suite> <!-- Real Estate test Suite -->
</testng-results>
